Removed Pin From Net: NetName=IN1 Pin=C1-1
Removed Pin From Net: NetName=IN2 Pin=C2-1
Removed Pin From Net: NetName=IN3 Pin=C3-1
Removed Pin From Net: NetName=IN4 Pin=C4-1
Removed Pin From Net: NetName=IN5 Pin=C5-1
Removed Pin From Net: NetName=IN6 Pin=C6-1
Removed Pin From Net: NetName=IN7 Pin=C7-1
Removed Pin From Net: NetName=IN8 Pin=C8-1
Removed Pin From Net: NetName=IN9 Pin=C9-1
Removed Pin From Net: NetName=IN10 Pin=C10-1
Removed Pin From Net: NetName=IN11 Pin=C11-1
Removed Pin From Net: NetName=IN12 Pin=C12-1
Removed Pin From Net: NetName=IN13 Pin=C13-1
Removed Pin From Net: NetName=IN14 Pin=C14-1
Removed Pin From Net: NetName=IN15 Pin=C15-1
Removed Pin From Net: NetName=IN16 Pin=C16-1
Removed Pin From Net: NetName=IN17 Pin=C17-1
Removed Pin From Net: NetName=IN18 Pin=C18-1
Removed Pin From Net: NetName=IN19 Pin=C19-1
Removed Pin From Net: NetName=IN20 Pin=C20-1
Removed Pin From Net: NetName=IN21 Pin=C21-1
Removed Pin From Net: NetName=IN22 Pin=C22-1
Removed Pin From Net: NetName=IN23 Pin=C23-1
Removed Pin From Net: NetName=IN24 Pin=C24-1
Removed Pin From Net: NetName=P20 Pin=C25-1
Removed Pin From Net: NetName=P20 Pin=C26-1
Removed Pin From Net: NetName=P20 Pin=C27-1
Removed Pin From Net: NetName=P20 Pin=C28-1
Removed Pin From Net: NetName=P20 Pin=C29-1
Removed Pin From Net: NetName=P20 Pin=C30-1
Removed Pin From Net: NetName=P20 Pin=C31-1
Removed Pin From Net: NetName=P20 Pin=C32-1
Removed Pin From Net: NetName=P20 Pin=C33-1
Removed Pin From Net: NetName=P20 Pin=C34-1
Removed Pin From Net: NetName=P20 Pin=C35-1
Removed Pin From Net: NetName=P20 Pin=C36-1
Removed Pin From Net: NetName=P20 Pin=C37-1
Removed Pin From Net: NetName=P20 Pin=C38-1
Removed Pin From Net: NetName=P20 Pin=C39-1
Removed Pin From Net: NetName=P20 Pin=C40-1
Removed Pin From Net: NetName=P20 Pin=C41-1
Removed Pin From Net: NetName=P20 Pin=C42-1
Removed Pin From Net: NetName=P20 Pin=C43-1
Removed Pin From Net: NetName=P20 Pin=C44-1
Removed Pin From Net: NetName=P20 Pin=C45-1
Removed Pin From Net: NetName=P20 Pin=C46-1
Removed Pin From Net: NetName=P20 Pin=C47-1
Removed Pin From Net: NetName=P20 Pin=C48-1
Removed Pin From Net: NetName=IN25 Pin=C49-1
Removed Pin From Net: NetName=IN26 Pin=C50-1
Removed Pin From Net: NetName=IN27 Pin=C51-1
Removed Pin From Net: NetName=IN28 Pin=C52-1
Removed Pin From Net: NetName=IN29 Pin=C53-1
Removed Pin From Net: NetName=IN30 Pin=C54-1
Removed Pin From Net: NetName=IN31 Pin=C55-1
Removed Pin From Net: NetName=IN32 Pin=C56-1
Removed Pin From Net: NetName=IN33 Pin=C57-1
Removed Pin From Net: NetName=IN34 Pin=C58-1
Removed Pin From Net: NetName=IN35 Pin=C59-1
Removed Pin From Net: NetName=IN36 Pin=C60-1
Removed Pin From Net: NetName=IN37 Pin=C61-1
Removed Pin From Net: NetName=IN38 Pin=C62-1
Removed Pin From Net: NetName=IN39 Pin=C63-1
Removed Pin From Net: NetName=IN40 Pin=C64-1
Removed Pin From Net: NetName=IN41 Pin=C65-1
Removed Pin From Net: NetName=IN42 Pin=C66-1
Removed Pin From Net: NetName=IN43 Pin=C67-1
Removed Pin From Net: NetName=IN44 Pin=C68-1
Removed Pin From Net: NetName=IN45 Pin=C69-1
Removed Pin From Net: NetName=IN46 Pin=C70-1
Removed Pin From Net: NetName=IN47 Pin=C71-1
Removed Pin From Net: NetName=IN48 Pin=C72-1
Removed Pin From Net: NetName=P20 Pin=C73-1
Removed Pin From Net: NetName=P20 Pin=C74-1
Removed Pin From Net: NetName=P20 Pin=C75-1
Removed Pin From Net: NetName=P20 Pin=C76-1
Removed Pin From Net: NetName=P20 Pin=C77-1
Removed Pin From Net: NetName=P20 Pin=C78-1
Removed Pin From Net: NetName=P20 Pin=C79-1
Removed Pin From Net: NetName=P20 Pin=C80-1
Removed Pin From Net: NetName=P20 Pin=C81-1
Removed Pin From Net: NetName=P20 Pin=C82-1
Removed Pin From Net: NetName=P20 Pin=C83-1
Removed Pin From Net: NetName=P20 Pin=C84-1
Removed Pin From Net: NetName=P20 Pin=C85-1
Removed Pin From Net: NetName=P20 Pin=C86-1
Removed Pin From Net: NetName=P20 Pin=C87-1
Removed Pin From Net: NetName=P20 Pin=C88-1
Removed Pin From Net: NetName=P20 Pin=C89-1
Removed Pin From Net: NetName=P20 Pin=C90-1
Removed Pin From Net: NetName=P20 Pin=C91-1
Removed Pin From Net: NetName=P20 Pin=C92-1
Removed Pin From Net: NetName=P20 Pin=C93-1
Removed Pin From Net: NetName=P20 Pin=C94-1
Removed Pin From Net: NetName=P20 Pin=C95-1
Removed Pin From Net: NetName=P20 Pin=C96-1
Removed Pin From Net: NetName=P40 Pin=H3-1
Removed Pin From Net: NetName=P10 Pin=H3-3
Removed Pin From Net: NetName=P11 Pin=H3-4
Removed Pin From Net: NetName=P20 Pin=H3-5
Removed Pin From Net: NetName=IN1 Pin=R1-1
Removed Pin From Net: NetName=IN2 Pin=R2-1
Removed Pin From Net: NetName=IN3 Pin=R3-1
Removed Pin From Net: NetName=IN4 Pin=R4-1
Removed Pin From Net: NetName=IN5 Pin=R5-1
Removed Pin From Net: NetName=IN6 Pin=R6-1
Removed Pin From Net: NetName=IN7 Pin=R7-1
Removed Pin From Net: NetName=IN8 Pin=R8-1
Removed Pin From Net: NetName=IN9 Pin=R9-1
Removed Pin From Net: NetName=IN10 Pin=R10-1
Removed Pin From Net: NetName=IN11 Pin=R11-1
Removed Pin From Net: NetName=IN12 Pin=R12-1
Removed Pin From Net: NetName=IN13 Pin=R13-1
Removed Pin From Net: NetName=IN14 Pin=R14-1
Removed Pin From Net: NetName=IN15 Pin=R15-1
Removed Pin From Net: NetName=IN16 Pin=R16-1
Removed Pin From Net: NetName=IN17 Pin=R17-1
Removed Pin From Net: NetName=IN18 Pin=R18-1
Removed Pin From Net: NetName=IN19 Pin=R19-1
Removed Pin From Net: NetName=IN20 Pin=R20-1
Removed Pin From Net: NetName=IN21 Pin=R21-1
Removed Pin From Net: NetName=IN22 Pin=R22-1
Removed Pin From Net: NetName=IN23 Pin=R23-1
Removed Pin From Net: NetName=IN24 Pin=R24-1
Removed Pin From Net: NetName=IN25 Pin=R73-1
Removed Pin From Net: NetName=IN26 Pin=R74-1
Removed Pin From Net: NetName=IN27 Pin=R75-1
Removed Pin From Net: NetName=IN28 Pin=R76-1
Removed Pin From Net: NetName=IN29 Pin=R77-1
Removed Pin From Net: NetName=IN30 Pin=R78-1
Removed Pin From Net: NetName=IN31 Pin=R79-1
Removed Pin From Net: NetName=IN32 Pin=R80-1
Removed Pin From Net: NetName=IN33 Pin=R81-1
Removed Pin From Net: NetName=IN34 Pin=R82-1
Removed Pin From Net: NetName=IN35 Pin=R83-1
Removed Pin From Net: NetName=IN36 Pin=R84-1
Removed Pin From Net: NetName=IN37 Pin=R85-1
Removed Pin From Net: NetName=IN38 Pin=R86-1
Removed Pin From Net: NetName=IN39 Pin=R87-1
Removed Pin From Net: NetName=IN40 Pin=R88-1
Removed Pin From Net: NetName=IN41 Pin=R89-1
Removed Pin From Net: NetName=IN42 Pin=R90-1
Removed Pin From Net: NetName=IN43 Pin=R91-1
Removed Pin From Net: NetName=IN44 Pin=R92-1
Removed Pin From Net: NetName=IN45 Pin=R93-1
Removed Pin From Net: NetName=IN46 Pin=R94-1
Removed Pin From Net: NetName=IN47 Pin=R95-1
Removed Pin From Net: NetName=IN48 Pin=R96-1
Removed Pin From Net: NetName=NetR210_1 Pin=R210-1
Removed Pin From Net: NetName=P9 Pin=R210-2
Removed Pin From Net: NetName=P20 Pin=R211-1
Removed Pin From Net: NetName=P9 Pin=R211-2
Removed Pin From Net: NetName=P20 Pin=S1-7
Removed Pin From Net: NetName=P20 Pin=S2-7
Removed Pin From Net: NetName=P20 Pin=S3-7
Removed Pin From Net: NetName=P20 Pin=S4-7
Removed Pin From Net: NetName=P20 Pin=S5-7
Removed Pin From Net: NetName=P20 Pin=S6-7
Removed Pin From Net: NetName=P20 Pin=S7-7
Removed Pin From Net: NetName=P20 Pin=S8-7
Removed Pin From Net: NetName=P20 Pin=S9-7
Removed Pin From Net: NetName=P20 Pin=S10-7
Removed Pin From Net: NetName=P20 Pin=S11-7
Removed Pin From Net: NetName=P20 Pin=S12-7
Removed Pin From Net: NetName=IN1 Pin=U1-2
Removed Pin From Net: NetName=P20 Pin=U1-3
Removed Pin From Net: NetName=P20 Pin=U1-5
Removed Pin From Net: NetName=IN2 Pin=U1-6
Removed Pin From Net: NetName=IN3 Pin=U2-2
Removed Pin From Net: NetName=P20 Pin=U2-3
Removed Pin From Net: NetName=P20 Pin=U2-5
Removed Pin From Net: NetName=IN4 Pin=U2-6
Removed Pin From Net: NetName=IN5 Pin=U3-2
Removed Pin From Net: NetName=P20 Pin=U3-3
Removed Pin From Net: NetName=P20 Pin=U3-5
Removed Pin From Net: NetName=IN6 Pin=U3-6
Removed Pin From Net: NetName=IN7 Pin=U4-2
Removed Pin From Net: NetName=P20 Pin=U4-3
Removed Pin From Net: NetName=P20 Pin=U4-5
Removed Pin From Net: NetName=IN8 Pin=U4-6
Removed Pin From Net: NetName=IN9 Pin=U5-2
Removed Pin From Net: NetName=P20 Pin=U5-3
Removed Pin From Net: NetName=P20 Pin=U5-5
Removed Pin From Net: NetName=IN10 Pin=U5-6
Removed Pin From Net: NetName=IN11 Pin=U6-2
Removed Pin From Net: NetName=P20 Pin=U6-3
Removed Pin From Net: NetName=P20 Pin=U6-5
Removed Pin From Net: NetName=IN12 Pin=U6-6
Removed Pin From Net: NetName=IN13 Pin=U7-2
Removed Pin From Net: NetName=P20 Pin=U7-3
Removed Pin From Net: NetName=P20 Pin=U7-5
Removed Pin From Net: NetName=IN14 Pin=U7-6
Removed Pin From Net: NetName=IN15 Pin=U8-2
Removed Pin From Net: NetName=P20 Pin=U8-3
Removed Pin From Net: NetName=P20 Pin=U8-5
Removed Pin From Net: NetName=IN16 Pin=U8-6
Removed Pin From Net: NetName=IN17 Pin=U9-2
Removed Pin From Net: NetName=P20 Pin=U9-3
Removed Pin From Net: NetName=P20 Pin=U9-5
Removed Pin From Net: NetName=IN18 Pin=U9-6
Removed Pin From Net: NetName=IN19 Pin=U10-2
Removed Pin From Net: NetName=P20 Pin=U10-3
Removed Pin From Net: NetName=P20 Pin=U10-5
Removed Pin From Net: NetName=IN20 Pin=U10-6
Removed Pin From Net: NetName=IN21 Pin=U11-2
Removed Pin From Net: NetName=P20 Pin=U11-3
Removed Pin From Net: NetName=P20 Pin=U11-5
Removed Pin From Net: NetName=IN22 Pin=U11-6
Removed Pin From Net: NetName=IN23 Pin=U12-2
Removed Pin From Net: NetName=P20 Pin=U12-3
Removed Pin From Net: NetName=P20 Pin=U12-5
Removed Pin From Net: NetName=IN24 Pin=U12-6
Removed Pin From Net: NetName=P20 Pin=U13-10
Removed Pin From Net: NetName=P20 Pin=U13-12
Removed Pin From Net: NetName=P20 Pin=U14-10
Removed Pin From Net: NetName=P20 Pin=U14-12
Removed Pin From Net: NetName=P20 Pin=U15-10
Removed Pin From Net: NetName=P20 Pin=U15-12
Removed Pin From Net: NetName=P20 Pin=U16-10
Removed Pin From Net: NetName=P20 Pin=U16-12
Removed Pin From Net: NetName=P20 Pin=U17-10
Removed Pin From Net: NetName=P20 Pin=U17-12
Removed Pin From Net: NetName=P20 Pin=U18-10
Removed Pin From Net: NetName=P20 Pin=U18-12
Removed Pin From Net: NetName=P20 Pin=U19-10
Removed Pin From Net: NetName=P20 Pin=U19-12
Removed Pin From Net: NetName=P20 Pin=U20-10
Removed Pin From Net: NetName=P20 Pin=U20-12
Removed Pin From Net: NetName=P20 Pin=U21-10
Removed Pin From Net: NetName=P20 Pin=U21-12
Removed Pin From Net: NetName=P20 Pin=U22-10
Removed Pin From Net: NetName=P20 Pin=U22-12
Removed Pin From Net: NetName=P20 Pin=U23-10
Removed Pin From Net: NetName=P20 Pin=U23-12
Removed Pin From Net: NetName=P20 Pin=U24-10
Removed Pin From Net: NetName=P20 Pin=U24-12
Removed Pin From Net: NetName=IN25 Pin=U25-2
Removed Pin From Net: NetName=P20 Pin=U25-3
Removed Pin From Net: NetName=P20 Pin=U25-5
Removed Pin From Net: NetName=IN26 Pin=U25-6
Removed Pin From Net: NetName=IN27 Pin=U26-2
Removed Pin From Net: NetName=P20 Pin=U26-3
Removed Pin From Net: NetName=P20 Pin=U26-5
Removed Pin From Net: NetName=IN28 Pin=U26-6
Removed Pin From Net: NetName=IN29 Pin=U27-2
Removed Pin From Net: NetName=P20 Pin=U27-3
Removed Pin From Net: NetName=P20 Pin=U27-5
Removed Pin From Net: NetName=IN30 Pin=U27-6
Removed Pin From Net: NetName=IN31 Pin=U28-2
Removed Pin From Net: NetName=P20 Pin=U28-3
Removed Pin From Net: NetName=P20 Pin=U28-5
Removed Pin From Net: NetName=IN32 Pin=U28-6
Removed Pin From Net: NetName=IN33 Pin=U29-2
Removed Pin From Net: NetName=P20 Pin=U29-3
Removed Pin From Net: NetName=P20 Pin=U29-5
Removed Pin From Net: NetName=IN34 Pin=U29-6
Removed Pin From Net: NetName=IN35 Pin=U30-2
Removed Pin From Net: NetName=P20 Pin=U30-3
Removed Pin From Net: NetName=P20 Pin=U30-5
Removed Pin From Net: NetName=IN36 Pin=U30-6
Removed Pin From Net: NetName=IN37 Pin=U31-2
Removed Pin From Net: NetName=P20 Pin=U31-3
Removed Pin From Net: NetName=P20 Pin=U31-5
Removed Pin From Net: NetName=IN38 Pin=U31-6
Removed Pin From Net: NetName=IN39 Pin=U32-2
Removed Pin From Net: NetName=P20 Pin=U32-3
Removed Pin From Net: NetName=P20 Pin=U32-5
Removed Pin From Net: NetName=IN40 Pin=U32-6
Removed Pin From Net: NetName=IN41 Pin=U33-2
Removed Pin From Net: NetName=P20 Pin=U33-3
Removed Pin From Net: NetName=P20 Pin=U33-5
Removed Pin From Net: NetName=IN42 Pin=U33-6
Removed Pin From Net: NetName=IN43 Pin=U34-2
Removed Pin From Net: NetName=P20 Pin=U34-3
Removed Pin From Net: NetName=P20 Pin=U34-5
Removed Pin From Net: NetName=IN44 Pin=U34-6
Removed Pin From Net: NetName=IN45 Pin=U35-2
Removed Pin From Net: NetName=P20 Pin=U35-3
Removed Pin From Net: NetName=P20 Pin=U35-5
Removed Pin From Net: NetName=IN46 Pin=U35-6
Removed Pin From Net: NetName=IN47 Pin=U36-2
Removed Pin From Net: NetName=P20 Pin=U36-3
Removed Pin From Net: NetName=P20 Pin=U36-5
Removed Pin From Net: NetName=IN48 Pin=U36-6
Removed Pin From Net: NetName=P20 Pin=U37-10
Removed Pin From Net: NetName=P20 Pin=U37-12
Removed Pin From Net: NetName=P20 Pin=U38-10
Removed Pin From Net: NetName=P20 Pin=U38-12
Removed Pin From Net: NetName=P20 Pin=U39-10
Removed Pin From Net: NetName=P20 Pin=U39-12
Removed Pin From Net: NetName=P20 Pin=U40-10
Removed Pin From Net: NetName=P20 Pin=U40-12
Removed Pin From Net: NetName=P20 Pin=U41-10
Removed Pin From Net: NetName=P20 Pin=U41-12
Removed Pin From Net: NetName=P20 Pin=U42-10
Removed Pin From Net: NetName=P20 Pin=U42-12
Removed Pin From Net: NetName=P20 Pin=U43-10
Removed Pin From Net: NetName=P20 Pin=U43-12
Removed Pin From Net: NetName=P20 Pin=U44-10
Removed Pin From Net: NetName=P20 Pin=U44-12
Removed Pin From Net: NetName=P20 Pin=U45-10
Removed Pin From Net: NetName=P20 Pin=U45-12
Removed Pin From Net: NetName=P20 Pin=U46-10
Removed Pin From Net: NetName=P20 Pin=U46-12
Removed Pin From Net: NetName=P20 Pin=U47-10
Removed Pin From Net: NetName=P20 Pin=U47-12
Removed Pin From Net: NetName=P20 Pin=U48-10
Removed Pin From Net: NetName=P20 Pin=U48-12
Removed Pin From Net: NetName=P35 Pin=U51-2
Removed Pin From Net: NetName=P34 Pin=U51-3
Removed Pin From Net: NetName=P39 Pin=U52-1
Removed Pin From Net: NetName=P38 Pin=U52-2
Removed Pin From Net: NetName=P37 Pin=U52-3
Removed Pin From Net: NetName=P36 Pin=U53-20
Removed Pin From Net: NetName=P37 Pin=U53-21
Removed Pin From Net: NetName=P38 Pin=U53-22
Removed Pin From Net: NetName=P39 Pin=U53-23
Removed Pin From Net: NetName=P39 Pin=U54-1
Removed Pin From Net: NetName=P38 Pin=U54-2
Removed Pin From Net: NetName=P37 Pin=U54-3
Removed Pin From Net: NetName=P20 Pin=U55-19
Removed Pin From Net: NetName=P36 Pin=U55-20
Removed Pin From Net: NetName=P37 Pin=U55-21
Removed Pin From Net: NetName=P38 Pin=U55-22
Removed Pin From Net: NetName=P39 Pin=U55-23
Removed Pin From Net: NetName=P20 Pin=U60-10
Removed Pin From Net: NetName=P20 Pin=U60-13
Removed Pin From Net: NetName=P40 Pin=U60-14
Removed Pin From Net: NetName=P4 Pin=U60-15
Removed Pin From Net: NetName=P3 Pin=U60-16
Removed Pin From Net: NetName=P2 Pin=U60-17
Removed Pin From Net: NetName=P1 Pin=U60-18
Removed Pin From Net: NetName=P40 Pin=U60-20
Removed Pin From Net: NetName=P20 Pin=U61-10
Removed Pin From Net: NetName=P20 Pin=U61-13
Removed Pin From Net: NetName=P40 Pin=U61-14
Removed Pin From Net: NetName=P5 Pin=U61-15
Removed Pin From Net: NetName=P3 Pin=U61-16
Removed Pin From Net: NetName=P2 Pin=U61-17
Removed Pin From Net: NetName=P1 Pin=U61-18
Removed Pin From Net: NetName=P40 Pin=U61-20
Removed Pin From Net: NetName=P20 Pin=U62-10
Removed Pin From Net: NetName=P20 Pin=U62-13
Removed Pin From Net: NetName=P40 Pin=U62-14
Removed Pin From Net: NetName=P6 Pin=U62-15
Removed Pin From Net: NetName=P3 Pin=U62-16
Removed Pin From Net: NetName=P2 Pin=U62-17
Removed Pin From Net: NetName=P1 Pin=U62-18
Removed Pin From Net: NetName=P40 Pin=U62-20
Removed Pin From Net: NetName=P20 Pin=U63-10
Removed Pin From Net: NetName=P20 Pin=U63-13
Removed Pin From Net: NetName=P40 Pin=U63-14
Removed Pin From Net: NetName=P7 Pin=U63-15
Removed Pin From Net: NetName=P3 Pin=U63-16
Removed Pin From Net: NetName=P2 Pin=U63-17
Removed Pin From Net: NetName=P1 Pin=U63-18
Removed Pin From Net: NetName=P40 Pin=U63-20
Removed Pin From Net: NetName=P20 Pin=U64-5
Removed Pin From Net: NetName=P20 Pin=U64-6
Removed Pin From Net: NetName=P20 Pin=U64-7
Removed Pin From Net: NetName=P20 Pin=U64-8
Removed Pin From Net: NetName=P20 Pin=U64-9
Removed Pin From Net: NetName=P20 Pin=U64-10
Removed Pin From Net: NetName=P20 Pin=U64-11
Removed Pin From Net: NetName=P20 Pin=U64-12
Removed Pin From Net: NetName=P20 Pin=U64-13
Removed Pin From Net: NetName=P40 Pin=U64-14
Removed Pin From Net: NetName=P8 Pin=U64-15
Removed Pin From Net: NetName=P3 Pin=U64-16
Removed Pin From Net: NetName=P2 Pin=U64-17
Removed Pin From Net: NetName=P1 Pin=U64-18
Removed Pin From Net: NetName=P40 Pin=U64-20
Change Component DesignItemId : Designator=U50 Old DesignItemId=A New DesignItemId=AT8
Change Component DesignItemId : Designator=R50 Old DesignItemId=Res Semi New DesignItemId=Res3
Change Component DesignItemId : Designator=R51 Old DesignItemId=Res Semi New DesignItemId=Res3
Change Component Footprint: Designator=R51 Old Footprint=CR2012-0805 New Footprint=C1608-0603
Change Component Comment : Designator=R50 Old Comment=Res Semi New Comment=Res3
Change Component Comment : Designator=R51 Old Comment=Res Semi New Comment=Res3
Change Component Designator: OldDesignator=R50 NewDesignator=R211
Change Component Designator: OldDesignator=R51 NewDesignator=R210
Change Component Description : Designator=U50 Old Description=8-Bit Microcontroller with 4K Flash New Description=8-Bit Microcontroller with 4K Flash ROM
Change Component Description : Designator=R211 Old Description=Semiconductor Resistor New Description=Resistor
Added Component: Designator=H11(HDR2X15)
Added Component: Designator=H12(HDR2X15)
Added Component: Designator=H13(HDR2X15)
Added Component: Designator=H14(HDR2X15)
Added Component: Designator=H15(HDR2X15)
Added Component: Designator=H16(HDR2X15)
Added Component: Designator=H21(HDR1X8)
Added Component: Designator=H21(HDR2X5)
Added Component: Designator=H22(HDR1X8)
Added Component: Designator=H23(HDR1X8)
Added Component: Designator=H24(HDR1X8)
Added Component: Designator=H25(HDR1X8)
Added Component: Designator=H26(HDR1X8)
Added Component: Designator=R206(CR2012-0805)
Added Component: Designator=R207(CR2012-0805)
Added Component: Designator=S20(SPST-2)
Added Component: Designator=S20(SPST-2)
Added Component: Designator=S20(SPST-2)
Added Component: Designator=S20(SPST-2)
Added Component: Designator=S20(SPST-2)
Added Component: Designator=U52(D016)
Added Pin To Net: NetName=P1 Pin=H7-1
Added Pin To Net: NetName=P2 Pin=H7-2
Added Pin To Net: NetName=P3 Pin=H7-3
Added Pin To Net: NetName=P4 Pin=H7-4
Added Pin To Net: NetName=P5 Pin=H7-5
Added Pin To Net: NetName=P6 Pin=H7-6
Added Pin To Net: NetName=P7 Pin=H7-7
Added Pin To Net: NetName=P8 Pin=H7-8
Added Pin To Net: NetName=P9 Pin=H7-9
Added Pin To Net: NetName=P10 Pin=H7-10
Added Pin To Net: NetName=P11 Pin=H7-11
Added Pin To Net: NetName=P12 Pin=H7-12
Added Pin To Net: NetName=P13 Pin=H7-13
Added Pin To Net: NetName=P14 Pin=H7-14
Added Pin To Net: NetName=P15 Pin=H7-15
Added Pin To Net: NetName=P16 Pin=H7-16
Added Pin To Net: NetName=P17 Pin=H7-17
Added Pin To Net: NetName=P18 Pin=H7-18
Added Pin To Net: NetName=P19 Pin=H7-19
Added Pin To Net: NetName=P20 Pin=H7-20
Added Pin To Net: NetName=P40 Pin=H11-1
Added Pin To Net: NetName=P20 Pin=H11-2
Added Pin To Net: NetName=P12 Pin=H11-7
Added Pin To Net: NetName=P13 Pin=H11-8
Added Pin To Net: NetName=P14 Pin=H11-9
Added Pin To Net: NetName=P15 Pin=H11-10
Added Pin To Net: NetName=P16 Pin=H11-12
Added Pin To Net: NetName=P39 Pin=H11-15
Added Pin To Net: NetName=P38 Pin=H11-16
Added Pin To Net: NetName=P37 Pin=H11-17
Added Pin To Net: NetName=P36 Pin=H11-18
Added Pin To Net: NetName=P35 Pin=H11-19
Added Pin To Net: NetName=P34 Pin=H11-20
Added Pin To Net: NetName=P40 Pin=H12-1
Added Pin To Net: NetName=P20 Pin=H12-2
Added Pin To Net: NetName=P12 Pin=H12-7
Added Pin To Net: NetName=P13 Pin=H12-8
Added Pin To Net: NetName=P14 Pin=H12-9
Added Pin To Net: NetName=P15 Pin=H12-10
Added Pin To Net: NetName=P16 Pin=H12-12
Added Pin To Net: NetName=P39 Pin=H12-15
Added Pin To Net: NetName=P38 Pin=H12-16
Added Pin To Net: NetName=P37 Pin=H12-17
Added Pin To Net: NetName=P36 Pin=H12-18
Added Pin To Net: NetName=P35 Pin=H12-19
Added Pin To Net: NetName=P34 Pin=H12-20
Added Pin To Net: NetName=P40 Pin=H13-1
Added Pin To Net: NetName=P20 Pin=H13-2
Added Pin To Net: NetName=P12 Pin=H13-7
Added Pin To Net: NetName=P13 Pin=H13-8
Added Pin To Net: NetName=P14 Pin=H13-9
Added Pin To Net: NetName=P15 Pin=H13-10
Added Pin To Net: NetName=P16 Pin=H13-12
Added Pin To Net: NetName=P39 Pin=H13-15
Added Pin To Net: NetName=P38 Pin=H13-16
Added Pin To Net: NetName=P37 Pin=H13-17
Added Pin To Net: NetName=P36 Pin=H13-18
Added Pin To Net: NetName=P35 Pin=H13-19
Added Pin To Net: NetName=P34 Pin=H13-20
Added Pin To Net: NetName=P40 Pin=H14-1
Added Pin To Net: NetName=P20 Pin=H14-2
Added Pin To Net: NetName=P12 Pin=H14-7
Added Pin To Net: NetName=P13 Pin=H14-8
Added Pin To Net: NetName=P14 Pin=H14-9
Added Pin To Net: NetName=P15 Pin=H14-10
Added Pin To Net: NetName=P16 Pin=H14-12
Added Pin To Net: NetName=P39 Pin=H14-15
Added Pin To Net: NetName=P38 Pin=H14-16
Added Pin To Net: NetName=P37 Pin=H14-17
Added Pin To Net: NetName=P36 Pin=H14-18
Added Pin To Net: NetName=P35 Pin=H14-19
Added Pin To Net: NetName=P34 Pin=H14-20
Added Pin To Net: NetName=P40 Pin=H15-1
Added Pin To Net: NetName=P20 Pin=H15-2
Added Pin To Net: NetName=P12 Pin=H15-7
Added Pin To Net: NetName=P13 Pin=H15-8
Added Pin To Net: NetName=P14 Pin=H15-9
Added Pin To Net: NetName=P15 Pin=H15-10
Added Pin To Net: NetName=P16 Pin=H15-12
Added Pin To Net: NetName=P39 Pin=H15-15
Added Pin To Net: NetName=P38 Pin=H15-16
Added Pin To Net: NetName=P37 Pin=H15-17
Added Pin To Net: NetName=P36 Pin=H15-18
Added Pin To Net: NetName=P35 Pin=H15-19
Added Pin To Net: NetName=P34 Pin=H15-20
Added Pin To Net: NetName=P40 Pin=H16-1
Added Pin To Net: NetName=P20 Pin=H16-2
Added Pin To Net: NetName=P12 Pin=H16-7
Added Pin To Net: NetName=P13 Pin=H16-8
Added Pin To Net: NetName=P14 Pin=H16-9
Added Pin To Net: NetName=P15 Pin=H16-10
Added Pin To Net: NetName=P16 Pin=H16-12
Added Pin To Net: NetName=P39 Pin=H16-15
Added Pin To Net: NetName=P38 Pin=H16-16
Added Pin To Net: NetName=P37 Pin=H16-17
Added Pin To Net: NetName=P36 Pin=H16-18
Added Pin To Net: NetName=P35 Pin=H16-19
Added Pin To Net: NetName=P34 Pin=H16-20
Added Pin To Net: NetName=IN1 Pin=H21-1
Added Pin To Net: NetName=IN2 Pin=H21-2
Added Pin To Net: NetName=P40 Pin=H21-2
Added Pin To Net: NetName=IN3 Pin=H21-3
Added Pin To Net: NetName=IN4 Pin=H21-4
Added Pin To Net: NetName=P40 Pin=H21-4
Added Pin To Net: NetName=IN5 Pin=H21-5
Added Pin To Net: NetName=IN6 Pin=H21-6
Added Pin To Net: NetName=P20 Pin=H21-6
Added Pin To Net: NetName=IN7 Pin=H21-7
Added Pin To Net: NetName=IN8 Pin=H21-8
Added Pin To Net: NetName=P20 Pin=H21-8
Added Pin To Net: NetName=P20 Pin=H21-10
Added Pin To Net: NetName=IN9 Pin=H22-1
Added Pin To Net: NetName=IN10 Pin=H22-2
Added Pin To Net: NetName=IN11 Pin=H22-3
Added Pin To Net: NetName=IN12 Pin=H22-4
Added Pin To Net: NetName=IN13 Pin=H22-5
Added Pin To Net: NetName=IN14 Pin=H22-6
Added Pin To Net: NetName=IN15 Pin=H22-7
Added Pin To Net: NetName=IN16 Pin=H22-8
Added Pin To Net: NetName=IN17 Pin=H23-1
Added Pin To Net: NetName=IN18 Pin=H23-2
Added Pin To Net: NetName=IN19 Pin=H23-3
Added Pin To Net: NetName=IN20 Pin=H23-4
Added Pin To Net: NetName=IN21 Pin=H23-5
Added Pin To Net: NetName=IN22 Pin=H23-6
Added Pin To Net: NetName=IN23 Pin=H23-7
Added Pin To Net: NetName=IN24 Pin=H23-8
Added Pin To Net: NetName=IN25 Pin=H24-1
Added Pin To Net: NetName=IN26 Pin=H24-2
Added Pin To Net: NetName=IN27 Pin=H24-3
Added Pin To Net: NetName=IN28 Pin=H24-4
Added Pin To Net: NetName=IN29 Pin=H24-5
Added Pin To Net: NetName=IN30 Pin=H24-6
Added Pin To Net: NetName=IN31 Pin=H24-7
Added Pin To Net: NetName=IN32 Pin=H24-8
Added Pin To Net: NetName=IN33 Pin=H25-1
Added Pin To Net: NetName=IN34 Pin=H25-2
Added Pin To Net: NetName=IN35 Pin=H25-3
Added Pin To Net: NetName=IN36 Pin=H25-4
Added Pin To Net: NetName=IN37 Pin=H25-5
Added Pin To Net: NetName=IN38 Pin=H25-6
Added Pin To Net: NetName=IN39 Pin=H25-7
Added Pin To Net: NetName=IN40 Pin=H25-8
Added Pin To Net: NetName=IN41 Pin=H26-1
Added Pin To Net: NetName=IN42 Pin=H26-2
Added Pin To Net: NetName=IN43 Pin=H26-3
Added Pin To Net: NetName=IN44 Pin=H26-4
Added Pin To Net: NetName=IN45 Pin=H26-5
Added Pin To Net: NetName=IN46 Pin=H26-6
Added Pin To Net: NetName=IN47 Pin=H26-7
Added Pin To Net: NetName=IN48 Pin=H26-8
Added Pin To Net: NetName=P40 Pin=R206-1
Added Pin To Net: NetName=P40 Pin=R207-1
Added Pin To Net: NetName=NetR210_1 Pin=R210-1
Added Pin To Net: NetName=P9 Pin=R210-2
Added Pin To Net: NetName=P20 Pin=R211-1
Added Pin To Net: NetName=P9 Pin=R211-2
Added Pin To Net: NetName=P20 Pin=S20-1
Added Pin To Net: NetName=P20 Pin=S20-1
Added Pin To Net: NetName=P20 Pin=S20-1
Added Pin To Net: NetName=P20 Pin=S20-1
Added Pin To Net: NetName=P20 Pin=S20-1
Added Pin To Net: NetName=P10 Pin=U50-10
Added Pin To Net: NetName=P11 Pin=U50-11
Added Pin To Net: NetName=P20 Pin=U50-20
Added Pin To Net: NetName=P34 Pin=U50-34
Added Pin To Net: NetName=P35 Pin=U50-35
Added Pin To Net: NetName=P36 Pin=U50-36
Added Pin To Net: NetName=P37 Pin=U50-37
Added Pin To Net: NetName=P38 Pin=U50-38
Added Pin To Net: NetName=P39 Pin=U50-39
Added Pin To Net: NetName=P40 Pin=U50-40
Added Pin To Net: NetName=P5 Pin=U51-2
Added Pin To Net: NetName=P6 Pin=U51-3
Added Pin To Net: NetName=P1 Pin=U52-1
Added Pin To Net: NetName=P7 Pin=U52-1
Added Pin To Net: NetName=P2 Pin=U52-2
Added Pin To Net: NetName=P8 Pin=U52-2
Added Pin To Net: NetName=P3 Pin=U52-3
Added Pin To Net: NetName=P17 Pin=U52-3
Added Pin To Net: NetName=P20 Pin=U52-4
Added Pin To Net: NetName=P20 Pin=U52-5
Added Pin To Net: NetName=P40 Pin=U52-6
Added Pin To Net: NetName=P20 Pin=U52-8
Added Pin To Net: NetName=P40 Pin=U52-16
Added Pin To Net: NetName=P4 Pin=U53-20
Added Pin To Net: NetName=P3 Pin=U53-21
Added Pin To Net: NetName=P2 Pin=U53-22
Added Pin To Net: NetName=P1 Pin=U53-23
Added Pin To Net: NetName=P1 Pin=U54-1
Added Pin To Net: NetName=P2 Pin=U54-2
Added Pin To Net: NetName=P3 Pin=U54-3
Added Pin To Net: NetName=P4 Pin=U55-20
Added Pin To Net: NetName=P3 Pin=U55-21
Added Pin To Net: NetName=P2 Pin=U55-22
Added Pin To Net: NetName=P1 Pin=U55-23
Added Pin To Net: NetName=CS1 Pin=H11-11
Added Pin To Net: NetName=CS1 Pin=U52-14
Added Net: Name=CS1
Added Pin To Net: NetName=CS2 Pin=H12-11
Added Pin To Net: NetName=CS2 Pin=U52-13
Added Net: Name=CS2
Added Pin To Net: NetName=CS3 Pin=H13-11
Added Pin To Net: NetName=CS3 Pin=U52-12
Added Net: Name=CS3
Added Pin To Net: NetName=CS4 Pin=H14-11
Added Pin To Net: NetName=CS4 Pin=U52-11
Added Net: Name=CS4
Added Pin To Net: NetName=CS5 Pin=H15-11
Added Pin To Net: NetName=CS5 Pin=U52-10
Added Net: Name=CS5
Added Pin To Net: NetName=CS6 Pin=H16-11
Added Pin To Net: NetName=CS6 Pin=U52-9
Added Net: Name=CS6
Added Pin To Net: NetName=FRST Pin=H11-14
Added Pin To Net: NetName=FRST Pin=H12-14
Added Pin To Net: NetName=FRST Pin=H13-14
Added Pin To Net: NetName=FRST Pin=H14-14
Added Pin To Net: NetName=FRST Pin=H15-14
Added Pin To Net: NetName=FRST Pin=H16-14
Added Pin To Net: NetName=FRST Pin=H21-9
Added Pin To Net: NetName=FRST Pin=S20-2
Added Net: Name=FRST
Added Pin To Net: NetName=OS0 Pin=H11-3
Added Pin To Net: NetName=OS0 Pin=H12-3
Added Pin To Net: NetName=OS0 Pin=H13-3
Added Pin To Net: NetName=OS0 Pin=H14-3
Added Pin To Net: NetName=OS0 Pin=H15-3
Added Pin To Net: NetName=OS0 Pin=H16-3
Added Pin To Net: NetName=OS0 Pin=H21-1
Added Pin To Net: NetName=OS0 Pin=S20-2
Added Net: Name=OS0
Added Pin To Net: NetName=OS1 Pin=H11-4
Added Pin To Net: NetName=OS1 Pin=H12-4
Added Pin To Net: NetName=OS1 Pin=H13-4
Added Pin To Net: NetName=OS1 Pin=H14-4
Added Pin To Net: NetName=OS1 Pin=H15-4
Added Pin To Net: NetName=OS1 Pin=H16-4
Added Pin To Net: NetName=OS1 Pin=H21-3
Added Pin To Net: NetName=OS1 Pin=S20-2
Added Net: Name=OS1
Added Pin To Net: NetName=OS2 Pin=H11-5
Added Pin To Net: NetName=OS2 Pin=H12-5
Added Pin To Net: NetName=OS2 Pin=H13-5
Added Pin To Net: NetName=OS2 Pin=H14-5
Added Pin To Net: NetName=OS2 Pin=H15-5
Added Pin To Net: NetName=OS2 Pin=H16-5
Added Pin To Net: NetName=OS2 Pin=H21-5
Added Pin To Net: NetName=OS2 Pin=S20-2
Added Net: Name=OS2
Added Pin To Net: NetName=P21 Pin=H11-23
Added Pin To Net: NetName=P21 Pin=H12-23
Added Pin To Net: NetName=P21 Pin=H13-23
Added Pin To Net: NetName=P21 Pin=H14-23
Added Pin To Net: NetName=P21 Pin=H15-23
Added Pin To Net: NetName=P21 Pin=H16-23
Added Pin To Net: NetName=P21 Pin=U50-21
Added Net: Name=P21
Added Pin To Net: NetName=P22 Pin=H11-24
Added Pin To Net: NetName=P22 Pin=H12-24
Added Pin To Net: NetName=P22 Pin=H13-24
Added Pin To Net: NetName=P22 Pin=H14-24
Added Pin To Net: NetName=P22 Pin=H15-24
Added Pin To Net: NetName=P22 Pin=H16-24
Added Pin To Net: NetName=P22 Pin=U50-22
Added Net: Name=P22
Added Pin To Net: NetName=P23 Pin=H11-25
Added Pin To Net: NetName=P23 Pin=H12-25
Added Pin To Net: NetName=P23 Pin=H13-25
Added Pin To Net: NetName=P23 Pin=H14-25
Added Pin To Net: NetName=P23 Pin=H15-25
Added Pin To Net: NetName=P23 Pin=H16-25
Added Pin To Net: NetName=P23 Pin=U50-23
Added Net: Name=P23
Added Pin To Net: NetName=P24 Pin=H11-26
Added Pin To Net: NetName=P24 Pin=H12-26
Added Pin To Net: NetName=P24 Pin=H13-26
Added Pin To Net: NetName=P24 Pin=H14-26
Added Pin To Net: NetName=P24 Pin=H15-26
Added Pin To Net: NetName=P24 Pin=H16-26
Added Pin To Net: NetName=P24 Pin=U50-24
Added Net: Name=P24
Added Pin To Net: NetName=P25 Pin=H11-27
Added Pin To Net: NetName=P25 Pin=H12-27
Added Pin To Net: NetName=P25 Pin=H13-27
Added Pin To Net: NetName=P25 Pin=H14-27
Added Pin To Net: NetName=P25 Pin=H15-27
Added Pin To Net: NetName=P25 Pin=H16-27
Added Pin To Net: NetName=P25 Pin=U50-25
Added Net: Name=P25
Added Pin To Net: NetName=P26 Pin=H11-28
Added Pin To Net: NetName=P26 Pin=H12-28
Added Pin To Net: NetName=P26 Pin=H13-28
Added Pin To Net: NetName=P26 Pin=H14-28
Added Pin To Net: NetName=P26 Pin=H15-28
Added Pin To Net: NetName=P26 Pin=H16-28
Added Pin To Net: NetName=P26 Pin=U50-26
Added Net: Name=P26
Added Pin To Net: NetName=P27 Pin=H11-29
Added Pin To Net: NetName=P27 Pin=H12-29
Added Pin To Net: NetName=P27 Pin=H13-29
Added Pin To Net: NetName=P27 Pin=H14-29
Added Pin To Net: NetName=P27 Pin=H15-29
Added Pin To Net: NetName=P27 Pin=H16-29
Added Pin To Net: NetName=P27 Pin=U50-27
Added Net: Name=P27
Added Pin To Net: NetName=P28 Pin=H11-30
Added Pin To Net: NetName=P28 Pin=H12-30
Added Pin To Net: NetName=P28 Pin=H13-30
Added Pin To Net: NetName=P28 Pin=H14-30
Added Pin To Net: NetName=P28 Pin=H15-30
Added Pin To Net: NetName=P28 Pin=H16-30
Added Pin To Net: NetName=P28 Pin=U50-28
Added Net: Name=P28
Added Pin To Net: NetName=P29 Pin=U50-29
Added Net: Name=P29
Added Pin To Net: NetName=P30 Pin=U50-30
Added Net: Name=P30
Added Pin To Net: NetName=P32 Pin=H11-22
Added Pin To Net: NetName=P32 Pin=H12-22
Added Pin To Net: NetName=P32 Pin=H13-22
Added Pin To Net: NetName=P32 Pin=H14-22
Added Pin To Net: NetName=P32 Pin=H15-22
Added Pin To Net: NetName=P32 Pin=H16-22
Added Pin To Net: NetName=P32 Pin=R207-2
Added Pin To Net: NetName=P32 Pin=U50-32
Added Net: Name=P32
Added Pin To Net: NetName=P33 Pin=H11-21
Added Pin To Net: NetName=P33 Pin=H12-21
Added Pin To Net: NetName=P33 Pin=H13-21
Added Pin To Net: NetName=P33 Pin=H14-21
Added Pin To Net: NetName=P33 Pin=H15-21
Added Pin To Net: NetName=P33 Pin=H16-21
Added Pin To Net: NetName=P33 Pin=R206-2
Added Pin To Net: NetName=P33 Pin=U50-33
Added Net: Name=P33
Added Pin To Net: NetName=RAGE Pin=H11-6
Added Pin To Net: NetName=RAGE Pin=H12-6
Added Pin To Net: NetName=RAGE Pin=H13-6
Added Pin To Net: NetName=RAGE Pin=H14-6
Added Pin To Net: NetName=RAGE Pin=H15-6
Added Pin To Net: NetName=RAGE Pin=H16-6
Added Pin To Net: NetName=RAGE Pin=H21-7
Added Pin To Net: NetName=RAGE Pin=S20-2
Added Net: Name=RAGE
Added Class: Name=Sheet 0817
Added Room: Name=Sheet 0817
