Removed Pin From Net: NetName=P40 Pin=R200-1
Removed Pin From Net: NetName=P39 Pin=R200-2
Removed Pin From Net: NetName=P40 Pin=R201-1
Removed Pin From Net: NetName=P38 Pin=R201-2
Removed Pin From Net: NetName=P40 Pin=R202-1
Removed Pin From Net: NetName=P37 Pin=R202-2
Removed Pin From Net: NetName=P40 Pin=R203-1
Removed Pin From Net: NetName=P36 Pin=R203-2
Removed Pin From Net: NetName=P40 Pin=R204-1
Removed Pin From Net: NetName=P35 Pin=R204-2
Removed Pin From Net: NetName=P40 Pin=R205-1
Removed Pin From Net: NetName=P34 Pin=R205-2
Removed Pin From Net: NetName=RAGE Pin=S20-2
Removed Member From Class: ClassName=Sheet 0817 Member=C101
Removed Member From Class: ClassName=Sheet 0817 Member=R200
Removed Member From Class: ClassName=Sheet 0817 Member=R201
Removed Member From Class: ClassName=Sheet 0817 Member=R202
Removed Member From Class: ClassName=Sheet 0817 Member=R203
Removed Member From Class: ClassName=Sheet 0817 Member=R204
Removed Member From Class: ClassName=Sheet 0817 Member=R205
Change Component Designator: OldDesignator=C100 NewDesignator=C2
Change Component Designator: OldDesignator=C101 NewDesignator=C3
Change Component Designator: OldDesignator=C102 NewDesignator=C1
Change Component Designator: OldDesignator=C103 NewDesignator=C3
Change Component Designator: OldDesignator=R206 NewDesignator=R7
Change Component Designator: OldDesignator=R207 NewDesignator=R8
Change Component Designator: OldDesignator=R210 NewDesignator=R11
Change Component Designator: OldDesignator=R211 NewDesignator=R12
Change Component Designator: OldDesignator=S20 NewDesignator=S1
Change Component Designator: OldDesignator=S20 NewDesignator=S2
Change Component Designator: OldDesignator=S20 NewDesignator=S3
Change Component Designator: OldDesignator=S20 NewDesignator=S4
Change Component Designator: OldDesignator=S20 NewDesignator=S5
Change Component Designator: OldDesignator=S20 NewDesignator=S6
Added Component: Designator=R1(CR2012-0805)
Added Component: Designator=R2(CR2012-0805)
Added Component: Designator=R3(CR2012-0805)
Added Component: Designator=R4(CR2012-0805)
Added Component: Designator=R5(CR2012-0805)
Added Component: Designator=R6(CR2012-0805)
Added Pin To Net: NetName=IN1 Pin=H21-1
Added Pin To Net: NetName=IN2 Pin=H21-2
Added Pin To Net: NetName=IN3 Pin=H21-3
Added Pin To Net: NetName=IN4 Pin=H21-4
Added Pin To Net: NetName=IN5 Pin=H21-5
Added Pin To Net: NetName=IN6 Pin=H21-6
Added Pin To Net: NetName=IN7 Pin=H21-7
Added Pin To Net: NetName=IN8 Pin=H21-8
Added Pin To Net: NetName=P40 Pin=R1-1
Added Pin To Net: NetName=P39 Pin=R1-2
Added Pin To Net: NetName=P40 Pin=R2-1
Added Pin To Net: NetName=P38 Pin=R2-2
Added Pin To Net: NetName=P40 Pin=R3-1
Added Pin To Net: NetName=P37 Pin=R3-2
Added Pin To Net: NetName=P40 Pin=R4-1
Added Pin To Net: NetName=P36 Pin=R4-2
Added Pin To Net: NetName=P40 Pin=R5-1
Added Pin To Net: NetName=P35 Pin=R5-2
Added Pin To Net: NetName=P40 Pin=R6-1
Added Pin To Net: NetName=P34 Pin=R6-2
Added Pin To Net: NetName=OS0 Pin=S2-2
Added Pin To Net: NetName=P20 Pin=S3-1
Added Pin To Net: NetName=OS1 Pin=S3-2
Added Pin To Net: NetName=P20 Pin=S4-1
Added Pin To Net: NetName=OS2 Pin=S4-2
Added Pin To Net: NetName=P20 Pin=S5-1
Added Pin To Net: NetName=RAGE Pin=S5-2
Added Pin To Net: NetName=P20 Pin=S6-1
Added Pin To Net: NetName=FRST Pin=S6-2
Change Net Name : Old Net Name=NetR210_1 New Net Name=NetR11_1
Added Member To Class: ClassName=Sheet 0817 Member=Component R1 Res Semi
Added Member To Class: ClassName=Sheet 0817 Member=Component R2 Res Semi
Added Member To Class: ClassName=Sheet 0817 Member=Component R3 Res Semi
Added Member To Class: ClassName=Sheet 0817 Member=Component R4 Res Semi
Added Member To Class: ClassName=Sheet 0817 Member=Component R5 Res Semi
Added Member To Class: ClassName=Sheet 0817 Member=Component R6 Res Semi
Added Member To Class: ClassName=Sheet 0817 Member=Component S2 SW-PB
Added Member To Class: ClassName=Sheet 0817 Member=Component S3 SW-PB
Added Member To Class: ClassName=Sheet 0817 Member=Component S4 SW-PB
Added Member To Class: ClassName=Sheet 0817 Member=Component S5 SW-PB
Added Member To Class: ClassName=Sheet 0817 Member=Component S6 SW-PB
Added Room: Name=Sheet 0817
