Removed Pin From Net: NetName=IN1 Pin=H21-1
Removed Pin From Net: NetName=IN2 Pin=H21-2
Removed Pin From Net: NetName=IN3 Pin=H21-3
Removed Pin From Net: NetName=IN4 Pin=H21-4
Removed Pin From Net: NetName=IN5 Pin=H21-5
Removed Pin From Net: NetName=IN6 Pin=H21-6
Removed Pin From Net: NetName=IN7 Pin=H21-7
Removed Pin From Net: NetName=IN8 Pin=H21-8
Added Pin To Net: NetName=IN1 Pin=H21-1
Added Pin To Net: NetName=OS0 Pin=H21-1
Added Pin To Net: NetName=IN2 Pin=H21-2
Added Pin To Net: NetName=P40 Pin=H21-2
Added Pin To Net: NetName=IN3 Pin=H21-3
Added Pin To Net: NetName=OS1 Pin=H21-3
Added Pin To Net: NetName=IN4 Pin=H21-4
Added Pin To Net: NetName=P40 Pin=H21-4
Added Pin To Net: NetName=IN5 Pin=H21-5
Added Pin To Net: NetName=OS2 Pin=H21-5
Added Pin To Net: NetName=IN6 Pin=H21-6
Added Pin To Net: NetName=P20 Pin=H21-6
Added Pin To Net: NetName=IN7 Pin=H21-7
Added Pin To Net: NetName=RAGE Pin=H21-7
Added Pin To Net: NetName=IN8 Pin=H21-8
Added Pin To Net: NetName=P20 Pin=H21-8
Change Net Name : Old Net Name=P20 New Net Name=GND
Change Net Name : Old Net Name=P40 New Net Name=VCC
Added Member To Class: ClassName=Sheet 0817 Member=Component S1 SW-PB
Added Room: Name=Sheet 0817
