Removed Pin From Net: NetName=IN1 Pin=H21-1
Removed Pin From Net: NetName=IN2 Pin=H21-2
Removed Pin From Net: NetName=IN3 Pin=H21-3
Removed Pin From Net: NetName=IN4 Pin=H21-4
Removed Pin From Net: NetName=IN5 Pin=H21-5
Removed Pin From Net: NetName=IN6 Pin=H21-6
Removed Pin From Net: NetName=IN7 Pin=H21-7
Removed Pin From Net: NetName=IN8 Pin=H21-8
Removed Pin From Net: NetName=RAGE Pin=S20-2
Added Pin To Net: NetName=P39 Pin=H8-2
Added Pin To Net: NetName=P38 Pin=H8-3
Added Pin To Net: NetName=P37 Pin=H8-4
Added Pin To Net: NetName=P36 Pin=H8-5
Added Pin To Net: NetName=P35 Pin=H8-6
Added Pin To Net: NetName=P34 Pin=H8-7
Added Pin To Net: NetName=P33 Pin=H8-8
Added Pin To Net: NetName=P32 Pin=H8-9
Added Pin To Net: NetName=P31 Pin=H8-10
Added Pin To Net: NetName=P30 Pin=H8-11
Added Pin To Net: NetName=P29 Pin=H8-12
Added Pin To Net: NetName=P28 Pin=H8-13
Added Pin To Net: NetName=P27 Pin=H8-14
Added Pin To Net: NetName=P26 Pin=H8-15
Added Pin To Net: NetName=P25 Pin=H8-16
Added Pin To Net: NetName=P24 Pin=H8-17
Added Pin To Net: NetName=P23 Pin=H8-18
Added Pin To Net: NetName=P22 Pin=H8-19
Added Pin To Net: NetName=P21 Pin=H8-20
Added Pin To Net: NetName=IN1 Pin=H21-1
Added Pin To Net: NetName=OS0 Pin=H21-1
Added Pin To Net: NetName=IN2 Pin=H21-2
Added Pin To Net: NetName=P40 Pin=H21-2
Added Pin To Net: NetName=IN3 Pin=H21-3
Added Pin To Net: NetName=OS1 Pin=H21-3
Added Pin To Net: NetName=IN4 Pin=H21-4
Added Pin To Net: NetName=P40 Pin=H21-4
Added Pin To Net: NetName=IN5 Pin=H21-5
Added Pin To Net: NetName=OS2 Pin=H21-5
Added Pin To Net: NetName=IN6 Pin=H21-6
Added Pin To Net: NetName=P20 Pin=H21-6
Added Pin To Net: NetName=IN7 Pin=H21-7
Added Pin To Net: NetName=RAGE Pin=H21-7
Added Pin To Net: NetName=IN8 Pin=H21-8
Added Pin To Net: NetName=P20 Pin=H21-8
Added Pin To Net: NetName=P20 Pin=S20-1
Added Pin To Net: NetName=P20 Pin=S20-1
Added Pin To Net: NetName=P20 Pin=S20-1
Added Pin To Net: NetName=P20 Pin=S20-1
Added Pin To Net: NetName=FRST Pin=S20-2
Added Pin To Net: NetName=OS0 Pin=S20-2
Added Pin To Net: NetName=OS1 Pin=S20-2
Added Pin To Net: NetName=OS2 Pin=S20-2
Added Pin To Net: NetName=RAGE Pin=S20-2
Added Room: Name=Sheet 0817
